{"total": {"lines":{"total":51,"covered":50,"skipped":0,"pct":98.03},"statements":{"total":56,"covered":54,"skipped":0,"pct":96.42},"functions":{"total":13,"covered":12,"skipped":0,"pct":92.3},"branches":{"total":39,"covered":32,"skipped":0,"pct":82.05},"branchesTrue":{"total":0,"covered":0,"skipped":0,"pct":"Unknown"}}
,"/home/runner/work/react-iframe/react-iframe/core/src/Context.tsx": {"lines":{"total":6,"covered":6,"skipped":0,"pct":100},"functions":{"total":1,"covered":1,"skipped":0,"pct":100},"statements":{"total":7,"covered":7,"skipped":0,"pct":100},"branches":{"total":4,"covered":2,"skipped":0,"pct":50}}
,"/home/runner/work/react-iframe/react-iframe/core/src/index.tsx": {"lines":{"total":45,"covered":44,"skipped":0,"pct":97.77},"functions":{"total":12,"covered":11,"skipped":0,"pct":91.66},"statements":{"total":49,"covered":47,"skipped":0,"pct":95.91},"branches":{"total":35,"covered":30,"skipped":0,"pct":85.71}}
}
