{"total": {"lines":{"total":46,"covered":46,"skipped":0,"pct":100},"statements":{"total":51,"covered":50,"skipped":0,"pct":98.03},"functions":{"total":12,"covered":11,"skipped":0,"pct":91.66},"branches":{"total":34,"covered":29,"skipped":0,"pct":85.29},"branchesTrue":{"total":0,"covered":0,"skipped":0,"pct":"Unknown"}}
,"/home/runner/work/react-iframe/react-iframe/core/src/Context.tsx": {"lines":{"total":6,"covered":6,"skipped":0,"pct":100},"functions":{"total":1,"covered":1,"skipped":0,"pct":100},"statements":{"total":7,"covered":7,"skipped":0,"pct":100},"branches":{"total":4,"covered":2,"skipped":0,"pct":50}}
,"/home/runner/work/react-iframe/react-iframe/core/src/index.tsx": {"lines":{"total":40,"covered":40,"skipped":0,"pct":100},"functions":{"total":11,"covered":10,"skipped":0,"pct":90.9},"statements":{"total":44,"covered":43,"skipped":0,"pct":97.72},"branches":{"total":30,"covered":27,"skipped":0,"pct":90}}
}
