TN:
SF:core/src/Context.tsx
FN:19,(anonymous_0)
FNF:1
FNH:0
FNDA:0,(anonymous_0)
DA:5,1
DA:6,1
DA:8,1
DA:9,1
DA:12,1
DA:19,1
LF:6
LH:6
BRDA:5,0,0,1
BRDA:5,0,1,0
BRDA:8,1,0,1
BRDA:8,1,1,0
BRF:4
BRH:2
end_of_record
TN:
SF:core/src/index.tsx
FN:15,(anonymous_0)
FN:18,(anonymous_1)
FN:24,(anonymous_2)
FN:27,(anonymous_3)
FN:28,(anonymous_4)
FN:35,(anonymous_5)
FN:38,(anonymous_6)
FN:38,(anonymous_7)
FN:46,(anonymous_8)
FN:50,(anonymous_9)
FN:57,(anonymous_10)
FNF:11
FNH:9
FNDA:6,(anonymous_0)
FNDA:7,(anonymous_1)
FNDA:0,(anonymous_2)
FNDA:6,(anonymous_3)
FNDA:2,(anonymous_4)
FNDA:2,(anonymous_5)
FNDA:2,(anonymous_6)
FNDA:0,(anonymous_7)
FNDA:4,(anonymous_8)
FNDA:3,(anonymous_9)
FNDA:2,(anonymous_10)
DA:14,1
DA:16,6
DA:17,6
DA:18,6
DA:19,7
DA:20,3
DA:24,6
DA:26,6
DA:27,6
DA:28,6
DA:29,2
DA:30,2
DA:31,0
DA:33,2
DA:35,6
DA:38,2
DA:39,2
DA:41,2
DA:42,2
DA:46,6
DA:47,4
DA:48,2
DA:50,4
DA:51,3
DA:52,2
DA:57,6
DA:58,2
DA:59,2
DA:60,2
DA:62,2
DA:63,2
DA:64,2
DA:69,6
DA:70,6
DA:71,0
DA:72,0
DA:73,0
DA:75,6
DA:77,6
DA:85,1
LF:40
LH:36
BRDA:19,0,0,3
BRDA:19,0,1,4
BRDA:26,1,0,6
BRDA:26,1,1,6
BRDA:27,2,0,6
BRDA:27,2,1,0
BRDA:30,3,0,0
BRDA:30,3,1,2
BRDA:41,4,0,2
BRDA:41,4,1,0
BRDA:47,5,0,2
BRDA:47,5,1,2
BRDA:47,6,0,4
BRDA:47,6,1,2
BRDA:51,7,0,2
BRDA:51,7,1,1
BRDA:51,8,0,3
BRDA:51,8,1,2
BRDA:62,9,0,2
BRDA:62,9,1,0
BRDA:65,10,0,2
BRDA:65,10,1,2
BRDA:65,10,2,0
BRDA:66,11,0,2
BRDA:66,11,1,2
BRDA:66,11,2,2
BRDA:70,12,0,0
BRDA:70,12,1,6
BRDA:79,13,0,6
BRDA:79,13,1,2
BRF:30
BRH:24
end_of_record
