TN:
SF:core/src/index.tsx
FN:12,(anonymous_0)
FN:15,(anonymous_1)
FN:21,(anonymous_2)
FN:24,(anonymous_3)
FN:25,(anonymous_4)
FN:32,(anonymous_5)
FN:35,(anonymous_6)
FN:35,(anonymous_7)
FN:43,(anonymous_8)
FN:47,(anonymous_9)
FN:54,(anonymous_10)
FNF:11
FNH:9
FNDA:6,(anonymous_0)
FNDA:7,(anonymous_1)
FNDA:0,(anonymous_2)
FNDA:4,(anonymous_3)
FNDA:2,(anonymous_4)
FNDA:2,(anonymous_5)
FNDA:2,(anonymous_6)
FNDA:0,(anonymous_7)
FNDA:4,(anonymous_8)
FNDA:3,(anonymous_9)
FNDA:2,(anonymous_10)
DA:11,1
DA:13,6
DA:14,6
DA:15,6
DA:16,7
DA:17,3
DA:21,6
DA:23,6
DA:24,6
DA:25,6
DA:26,2
DA:27,2
DA:28,0
DA:30,2
DA:32,6
DA:35,2
DA:36,2
DA:38,2
DA:39,2
DA:43,6
DA:44,4
DA:45,2
DA:47,4
DA:48,3
DA:49,2
DA:54,6
DA:55,2
DA:56,2
DA:57,2
DA:62,6
DA:63,6
DA:64,0
DA:65,0
DA:66,0
DA:68,6
DA:70,6
DA:78,1
LF:37
LH:33
BRDA:16,0,0,3
BRDA:16,0,1,4
BRDA:23,1,0,6
BRDA:23,1,1,6
BRDA:24,2,0,4
BRDA:24,2,1,0
BRDA:27,3,0,0
BRDA:27,3,1,2
BRDA:38,4,0,2
BRDA:38,4,1,0
BRDA:44,5,0,2
BRDA:44,5,1,2
BRDA:44,6,0,4
BRDA:44,6,1,2
BRDA:48,7,0,2
BRDA:48,7,1,1
BRDA:48,8,0,3
BRDA:48,8,1,2
BRDA:58,9,0,2
BRDA:58,9,1,2
BRDA:58,9,2,0
BRDA:59,10,0,2
BRDA:59,10,1,2
BRDA:59,10,2,2
BRDA:63,11,0,0
BRDA:63,11,1,6
BRDA:72,12,0,6
BRDA:72,12,1,2
BRF:28
BRH:23
end_of_record
